<?xml version="1.0" encoding="UTF-8"?>
<!-- Generated by org.testng.reporters.JUnitReportReporter -->
<testsuite hostname="Perspective" failures="0" tests="1" name="com.w2a.testcases.AddCustomerTes" time="7.951" errors="0" timestamp="2022-01-13T23:22:10 EST" skipped="0">
  <testcase classname="com.w2a.testcases.AddCustomerTes" name="addCustomer" time="7.951"/>
  <system-out/>
</testsuite> <!-- com.w2a.testcases.AddCustomerTes -->
